<?xml version="1.0" encoding="UTF-8"?>
<testsuite name="Cucumber" time="0.174" tests="1" skipped="0" failures="1" errors="0">
<testcase classname="test google homepage" name="google homepage testing" time="0.022">
<failure/>
<system-out><![CDATA[
Given i launch google chrome browser........................................passed
When i open google homepage.................................................passed
Then google homepage displayed..............................................passed
And google search button is present.........................................passed
And user serach for ipl.....................................................undefined
]]></system-out>
</testcase>
</testsuite>
